<?xml version="1.0" encoding="UTF-8"?>
<testng-results skipped="0" failed="0" ignored="0" total="1" passed="1">
  <reporter-output>
  </reporter-output>
  <suite name="Default suite" duration-ms="156" started-at="2019-06-18T05:37:43Z" finished-at="2019-06-18T05:37:43Z">
    <groups>
    </groups>
    <test name="Default test" duration-ms="156" started-at="2019-06-18T05:37:43Z" finished-at="2019-06-18T05:37:43Z">
      <class name="firsttestngpackage.hompage">
        <test-method status="PASS" signature="f()[pri:0, instance:firsttestngpackage.hompage@396a51ab]" name="f" duration-ms="30" started-at="2019-06-18T05:37:43Z" finished-at="2019-06-18T05:37:43Z">
          <reporter-output>
          </reporter-output>
        </test-method> <!-- f -->
      </class> <!-- firsttestngpackage.hompage -->
    </test> <!-- Default test -->
  </suite> <!-- Default suite -->
</testng-results>
